エピソード 0 完了
エピソード 1 完了
エピソード 2 完了
エピソード 3 完了
エピソード 4 完了
エピソード 5 完了
エピソード 6 完了
エピソード 7 完了
エピソード 8 完了
エピソード 9 完了
エピソード 10 完了
エピソード 11 完了
エピソード 12 完了
エピソード 13 完了
エピソード 14 完了
optimized
optimized
optimized
optimized
エピソード 15 完了
optimized
optimized
optimized
optimized
optimized
optimized
optimized
optimized
エピソード 16 完了
optimized
optimized
optimized
optimized
optimized
optimized
optimized
エピソード 17 完了
optimized
optimized
optimized
optimized
optimized
optimized
optimized
optimized
optimized
エピソード 18 完了
optimized
optimized
optimized
optimized
optimized
optimized
optimized
エピソード 19 完了
optimized
optimized
optimized
optimized
optimized
optimized
optimized
optimized
optimized
エピソード 20 完了
optimized
optimized
optimized
optimized
optimized
optimized
optimized
エピソード 21 完了
optimized
optimized
optimized
optimized
optimized
optimized
optimized
エピソード 22 完了
optimized
optimized
optimized
optimized
optimized
optimized
optimized
optimized
エピソード 23 完了
optimized
optimized
optimized
optimized
optimized
optimized
optimized
エピソード 24 完了
optimized
optimized
optimized
optimized
optimized
optimized
optimized
optimized
optimized
エピソード 25 完了
optimized
optimized
optimized
optimized
optimized
optimized
optimized
optimized
optimized
エピソード 26 完了
optimized
optimized
optimized
optimized
optimized
optimized
optimized
optimized
optimized
エピソード 27 完了
optimized
optimized
optimized
optimized
optimized
optimized
optimized
エピソード 28 完了
optimized
optimized
optimized
optimized
optimized
optimized
optimized
optimized
optimized
エピソード 29 完了
optimized
optimized
optimized
optimized
optimized
optimized
optimized
optimized
optimized
エピソード 30 完了
optimized
optimized
optimized
optimized
optimized
optimized
optimized
optimized
optimized
エピソード 31 完了
optimized
optimized
optimized
optimized
optimized
optimized
optimized
optimized
optimized
エピソード 32 完了
optimized
optimized
optimized
optimized
optimized
optimized
optimized
optimized
optimized
エピソード 33 完了
optimized
optimized
optimized
optimized
optimized
optimized
optimized
エピソード 34 完了
optimized
optimized
optimized
optimized
optimized
optimized
optimized
optimized
optimized
エピソード 35 完了
optimized
optimized
optimized
optimized
optimized
optimized
optimized
optimized
optimized
エピソード 36 完了
optimized
optimized
optimized
optimized
optimized
optimized
optimized
optimized
optimized
エピソード 37 完了
optimized
optimized
optimized
optimized
optimized
optimized
optimized
optimized
optimized
エピソード 38 完了
optimized
optimized
optimized
optimized
optimized
optimized
optimized
optimized
optimized
エピソード 39 完了
optimized
optimized
optimized
optimized
optimized
optimized
optimized
エピソード 40 完了
optimized
optimized
optimized
optimized
optimized
optimized
optimized
optimized
optimized
エピソード 41 完了
optimized
optimized
optimized
optimized
optimized
optimized
optimized
optimized
optimized
エピソード 42 完了
optimized
optimized
optimized
optimized
optimized
optimized
optimized
optimized
optimized
エピソード 43 完了
optimized
optimized
optimized
optimized
optimized
optimized
optimized
optimized
optimized
エピソード 44 完了
optimized
optimized
optimized
optimized
optimized
optimized
optimized
optimized
optimized
エピソード 45 完了
optimized
optimized
optimized
optimized
optimized
optimized
optimized
optimized
optimized
エピソード 46 完了
optimized
optimized
optimized
optimized
optimized
optimized
optimized
optimized
optimized
エピソード 47 完了
optimized
optimized
optimized
optimized
optimized
optimized
optimized
optimized
optimized
エピソード 48 完了
optimized
optimized
optimized
optimized
optimized
optimized
optimized
optimized
エピソード 49 完了
optimized
optimized
optimized
Traceback (most recent call last):
  File "/home/furuya/TicTacToeAI/trains/train.py", line 173, in <module>
    train_dqn()
  File "/home/furuya/TicTacToeAI/trains/train.py", line 152, in train_dqn
    optimize_model(memory, policy_net, target_net, optimizer, BATCH_SIZE, GAMMA, device)
  File "/home/furuya/TicTacToeAI/trains/../trains/train_utils.py", line 117, in optimize_model
    policy_net = policy_net.to(device)
  File "/home/furuya/TicTacToeAI/venv/lib/python3.9/site-packages/torch/nn/modules/module.py", line 1152, in to
    return self._apply(convert)
  File "/home/furuya/TicTacToeAI/venv/lib/python3.9/site-packages/torch/nn/modules/module.py", line 802, in _apply
    module._apply(fn)
  File "/home/furuya/TicTacToeAI/venv/lib/python3.9/site-packages/torch/nn/modules/module.py", line 802, in _apply
    module._apply(fn)
  File "/home/furuya/TicTacToeAI/venv/lib/python3.9/site-packages/torch/nn/modules/module.py", line 825, in _apply
    param_applied = fn(param)
  File "/home/furuya/TicTacToeAI/venv/lib/python3.9/site-packages/torch/nn/modules/module.py", line 1150, in convert
    return t.to(device, dtype if t.is_floating_point() or t.is_complex() else None, non_blocking)
KeyboardInterrupt
